[35m[1mScanning dependencies of target dynamic_tf_broadcaster[0m
[ 33%] Built target scan_sequence_node
[ 66%] Built target lidar_pointcloud_node
[ 83%] [32mBuilding CXX object CMakeFiles/dynamic_tf_broadcaster.dir/src/dynamic_tf_broadcaster.cpp.o[0m
[01m[K/root/lidar_system/servo_control/src/dynamic_tf_broadcaster.cpp:[m[K In member function â€˜[01m[Kvoid DynamicTFBroadcaster::publish_tf()[m[Kâ€™:
[01m[K/root/lidar_system/servo_control/src/dynamic_tf_broadcaster.cpp:153:21:[m[K [01;31m[Kerror: [m[Kâ€˜[01m[Kclass rclcpp::Time[m[Kâ€™ has no member named â€˜[01m[Ksec[m[Kâ€™
  153 |     if (last_stamp_.[01;31m[Ksec[m[K == 0 && last_stamp_.nanosec == 0) {
      |                     [01;31m[K^~~[m[K
[01m[K/root/lidar_system/servo_control/src/dynamic_tf_broadcaster.cpp:153:45:[m[K [01;31m[Kerror: [m[Kâ€˜[01m[Kclass rclcpp::Time[m[Kâ€™ has no member named â€˜[01m[Knanosec[m[Kâ€™; did you mean â€˜[01m[Knanoseconds[m[Kâ€™?
  153 |     if (last_stamp_.sec == 0 && last_stamp_.[01;31m[Knanosec[m[K == 0) {
      |                                             [01;31m[K^~~~~~~[m[K
      |                                             [32m[Knanoseconds[m[K
make[2]: *** [CMakeFiles/dynamic_tf_broadcaster.dir/build.make:63: CMakeFiles/dynamic_tf_broadcaster.dir/src/dynamic_tf_broadcaster.cpp.o] Error 1
make[1]: *** [CMakeFiles/Makefile2:136: CMakeFiles/dynamic_tf_broadcaster.dir/all] Error 2
make: *** [Makefile:141: all] Error 2
